<?xml version="1.0" encoding="UTF-8"?>
<testsuite name="sanguine.model.SanguineCardTest" tests="4" skipped="0" failures="0" errors="0" timestamp="2025-11-30T21:57:01.486Z" hostname="JUNGMIN-LAPTOP" time="0.001">
  <properties/>
  <testcase name="testOppositeCardComplexInfluenceGrid" classname="sanguine.model.SanguineCardTest" time="0.0"/>
  <testcase name="testOppositeCard" classname="sanguine.model.SanguineCardTest" time="0.0"/>
  <testcase name="testOppositeCardAllFalse" classname="sanguine.model.SanguineCardTest" time="0.0"/>
  <testcase name="testOppositeCardAllTrue" classname="sanguine.model.SanguineCardTest" time="0.001"/>
  <system-out><![CDATA[]]></system-out>
  <system-err><![CDATA[]]></system-err>
</testsuite>
