<?xml version="1.0" encoding="UTF-8"?>
<testsuite name="sanguine.ai.FillFirstTest" tests="7" skipped="0" failures="0" errors="0" timestamp="2025-11-30T21:57:01.303Z" hostname="JUNGMIN-LAPTOP" time="0.089">
  <properties/>
  <testcase name="testLooksTopToBottomAndLogs" classname="sanguine.ai.FillFirstTest" time="0.075"/>
  <testcase name="testConstructorNullTeam" classname="sanguine.ai.FillFirstTest" time="0.004"/>
  <testcase name="testArbitraryMoveIsValid" classname="sanguine.ai.FillFirstTest" time="0.003"/>
  <testcase name="testConstructorValidConstruction" classname="sanguine.ai.FillFirstTest" time="0.0"/>
  <testcase name="testConstructorNullModel" classname="sanguine.ai.FillFirstTest" time="0.0"/>
  <testcase name="testNoAvailableMovesPassesTurn" classname="sanguine.ai.FillFirstTest" time="0.002"/>
  <testcase name="testFirstAvailableMoveIsValid" classname="sanguine.ai.FillFirstTest" time="0.002"/>
  <system-out><![CDATA[Card Index: 0
Row: 0
Column: 0
Move was INVALID

Card Index: 0
Row: 0
Column: 1
Move was INVALID

Card Index: 0
Row: 0
Column: 2
Move was INVALID

Card Index: 0
Row: 0
Column: 3
Move was INVALID

Card Index: 0
Row: 0
Column: 4
Move was INVALID

Card Index: 0
Row: 1
Column: 0
Move was INVALID

Card Index: 0
Row: 1
Column: 1
Move was INVALID

Card Index: 0
Row: 1
Column: 2
Move was INVALID

Card Index: 0
Row: 1
Column: 3
Move was INVALID

Card Index: 0
Row: 1
Column: 4
Move was INVALID

Card Index: 0
Row: 2
Column: 0
Move was INVALID

Card Index: 0
Row: 2
Column: 1
Move was INVALID

Card Index: 0
Row: 2
Column: 2
Move was INVALID

Card Index: 0
Row: 2
Column: 3
Move was INVALID

Card Index: 0
Row: 2
Column: 4
Move was INVALID

Card Index: 1
Row: 0
Column: 0
Move was INVALID

Card Index: 1
Row: 0
Column: 1
Move was INVALID

Card Index: 1
Row: 0
Column: 2
Move was INVALID

Card Index: 1
Row: 0
Column: 3
Move was INVALID

Card Index: 1
Row: 0
Column: 4
Move was INVALID

Card Index: 1
Row: 1
Column: 0
Move was INVALID

Card Index: 1
Row: 1
Column: 1
Move was INVALID

Card Index: 1
Row: 1
Column: 2
Move was INVALID

Card Index: 1
Row: 1
Column: 3
Move was INVALID

Card Index: 1
Row: 1
Column: 4
Move was INVALID

Card Index: 1
Row: 2
Column: 0
Move was INVALID

Card Index: 1
Row: 2
Column: 1
Move was INVALID

Card Index: 1
Row: 2
Column: 2
Move was INVALID

Card Index: 1
Row: 2
Column: 3
Move was INVALID

Card Index: 1
Row: 2
Column: 4
Move was INVALID

Card Index: 2
Row: 0
Column: 0
Move was INVALID

Card Index: 2
Row: 0
Column: 1
Move was INVALID

Card Index: 2
Row: 0
Column: 2
Move was INVALID

Card Index: 2
Row: 0
Column: 3
Move was INVALID

Card Index: 2
Row: 0
Column: 4
Move was INVALID

Card Index: 2
Row: 1
Column: 0
Move was INVALID

Card Index: 2
Row: 1
Column: 1
Move was INVALID

Card Index: 2
Row: 1
Column: 2
Move was INVALID

Card Index: 2
Row: 1
Column: 3
Move was INVALID

Card Index: 2
Row: 1
Column: 4
Move was INVALID

Card Index: 2
Row: 2
Column: 0
Move was INVALID

Card Index: 2
Row: 2
Column: 1
Move was INVALID

Card Index: 2
Row: 2
Column: 2
Move was INVALID

Card Index: 2
Row: 2
Column: 3
Move was INVALID

Card Index: 2
Row: 2
Column: 4
Move was INVALID

Card Index: 3
Row: 0
Column: 0
Move was INVALID

Card Index: 3
Row: 0
Column: 1
Move was INVALID

Card Index: 3
Row: 0
Column: 2
Move was INVALID

Card Index: 3
Row: 0
Column: 3
Move was INVALID

Card Index: 3
Row: 0
Column: 4
Move was INVALID

Card Index: 3
Row: 1
Column: 0
Move was INVALID

Card Index: 3
Row: 1
Column: 1
Move was INVALID

Card Index: 3
Row: 1
Column: 2
Move was INVALID

Card Index: 3
Row: 1
Column: 3
Move was INVALID

Card Index: 3
Row: 1
Column: 4
Move was INVALID

Card Index: 3
Row: 2
Column: 0
Move was INVALID

Card Index: 3
Row: 2
Column: 1
Move was INVALID

Card Index: 3
Row: 2
Column: 2
Move was INVALID

Card Index: 3
Row: 2
Column: 3
Move was INVALID

Card Index: 3
Row: 2
Column: 4
Move was INVALID

Card Index: 4
Row: 0
Column: 0
Move was INVALID

Card Index: 4
Row: 0
Column: 1
Move was INVALID

Card Index: 4
Row: 0
Column: 2
Move was INVALID

Card Index: 4
Row: 0
Column: 3
Move was INVALID

Card Index: 4
Row: 0
Column: 4
Move was INVALID

Card Index: 4
Row: 1
Column: 0
Move was INVALID

Card Index: 4
Row: 1
Column: 1
Move was INVALID

Card Index: 4
Row: 1
Column: 2
Move was INVALID

Card Index: 4
Row: 1
Column: 3
Move was INVALID

Card Index: 4
Row: 1
Column: 4
Move was INVALID

Card Index: 4
Row: 2
Column: 0
Move was INVALID

Card Index: 4
Row: 2
Column: 1
Move was INVALID

Card Index: 4
Row: 2
Column: 2
Move was INVALID

Card Index: 4
Row: 2
Column: 3
Move was INVALID

Card Index: 4
Row: 2
Column: 4
Move was INVALID

Card Index: 5
Row: 0
Column: 0
Move was INVALID

Card Index: 5
Row: 0
Column: 1
Move was INVALID

Card Index: 5
Row: 0
Column: 2
Move was INVALID

Card Index: 5
Row: 0
Column: 3
Move was INVALID

Card Index: 5
Row: 0
Column: 4
Move was INVALID

Card Index: 5
Row: 1
Column: 0
Move was INVALID

Card Index: 5
Row: 1
Column: 1
Move was INVALID

Card Index: 5
Row: 1
Column: 2
Move was INVALID

Card Index: 5
Row: 1
Column: 3
Move was INVALID

Card Index: 5
Row: 1
Column: 4
Move was INVALID

Card Index: 5
Row: 2
Column: 0
Move was INVALID

Card Index: 5
Row: 2
Column: 1
Move was INVALID

Card Index: 5
Row: 2
Column: 2
Move was INVALID

Card Index: 5
Row: 2
Column: 3
Move was INVALID

Card Index: 5
Row: 2
Column: 4
Move was INVALID

Card Index: 6
Row: 0
Column: 0
Move was INVALID

Card Index: 6
Row: 0
Column: 1
Move was INVALID

Card Index: 6
Row: 0
Column: 2
Move was INVALID

Card Index: 6
Row: 0
Column: 3
Move was INVALID

Card Index: 6
Row: 0
Column: 4
Move was INVALID

Card Index: 6
Row: 1
Column: 0
Move was INVALID

Card Index: 6
Row: 1
Column: 1
Move was INVALID

Card Index: 6
Row: 1
Column: 2
Move was INVALID

Card Index: 6
Row: 1
Column: 3
Move was INVALID

Card Index: 6
Row: 1
Column: 4
Move was INVALID

Card Index: 6
Row: 2
Column: 0
Move was INVALID

Card Index: 6
Row: 2
Column: 1
Move was INVALID

Card Index: 6
Row: 2
Column: 2
Move was INVALID

Card Index: 6
Row: 2
Column: 3
Move was INVALID

Card Index: 6
Row: 2
Column: 4
Move was INVALID

Card Index: 7
Row: 0
Column: 0
Move was INVALID

Card Index: 7
Row: 0
Column: 1
Move was INVALID

Card Index: 7
Row: 0
Column: 2
Move was INVALID

Card Index: 7
Row: 0
Column: 3
Move was INVALID

Card Index: 7
Row: 0
Column: 4
Move was INVALID

Card Index: 7
Row: 1
Column: 0
Move was INVALID

Card Index: 7
Row: 1
Column: 1
Move was INVALID

Card Index: 7
Row: 1
Column: 2
Move was INVALID

Card Index: 7
Row: 1
Column: 3
Move was INVALID

Card Index: 7
Row: 1
Column: 4
Move was INVALID

Card Index: 7
Row: 2
Column: 0
Move was INVALID

Card Index: 7
Row: 2
Column: 1
Move was INVALID

Card Index: 7
Row: 2
Column: 2
Move was INVALID

Card Index: 7
Row: 2
Column: 3
Move was INVALID

Card Index: 7
Row: 2
Column: 4
Move was INVALID

Card Index: 8
Row: 0
Column: 0
Move was INVALID

Card Index: 8
Row: 0
Column: 1
Move was INVALID

Card Index: 8
Row: 0
Column: 2
Move was INVALID

Card Index: 8
Row: 0
Column: 3
Move was INVALID

Card Index: 8
Row: 0
Column: 4
Move was INVALID

Card Index: 8
Row: 1
Column: 0
Move was INVALID

Card Index: 8
Row: 1
Column: 1
Move was INVALID

Card Index: 8
Row: 1
Column: 2
Move was INVALID

Card Index: 8
Row: 1
Column: 3
Move was INVALID

Card Index: 8
Row: 1
Column: 4
Move was INVALID

Card Index: 8
Row: 2
Column: 0
Move was INVALID

Card Index: 8
Row: 2
Column: 1
Move was INVALID

Card Index: 8
Row: 2
Column: 2
Move was INVALID

Card Index: 8
Row: 2
Column: 3
Move was INVALID

Card Index: 8
Row: 2
Column: 4
Move was INVALID

Card Index: 9
Row: 0
Column: 0
Move was INVALID

Card Index: 9
Row: 0
Column: 1
Move was INVALID

Card Index: 9
Row: 0
Column: 2
Move was INVALID

Card Index: 9
Row: 0
Column: 3
Move was INVALID

Card Index: 9
Row: 0
Column: 4
Move was INVALID

Card Index: 9
Row: 1
Column: 0
Move was INVALID

Card Index: 9
Row: 1
Column: 1
Move was INVALID

Card Index: 9
Row: 1
Column: 2
Move was INVALID

Card Index: 9
Row: 1
Column: 3
Move was INVALID

Card Index: 9
Row: 1
Column: 4
Move was INVALID

Card Index: 9
Row: 2
Column: 0
Move was INVALID

Card Index: 9
Row: 2
Column: 1
Move was INVALID

Card Index: 9
Row: 2
Column: 2
Move was INVALID

Card Index: 9
Row: 2
Column: 3
Move was INVALID

Card Index: 9
Row: 2
Column: 4
Move was INVALID

Card Index: 10
Row: 0
Column: 0
Move was INVALID

Card Index: 10
Row: 0
Column: 1
Move was INVALID

Card Index: 10
Row: 0
Column: 2
Move was INVALID

Card Index: 10
Row: 0
Column: 3
Move was INVALID

Card Index: 10
Row: 0
Column: 4
Move was INVALID

Card Index: 10
Row: 1
Column: 0
Move was INVALID

Card Index: 10
Row: 1
Column: 1
Move was INVALID

Card Index: 10
Row: 1
Column: 2
Move was INVALID

Card Index: 10
Row: 1
Column: 3
Move was INVALID

Card Index: 10
Row: 1
Column: 4
Move was INVALID

Card Index: 10
Row: 2
Column: 0
Move was INVALID

Card Index: 10
Row: 2
Column: 1
Move was INVALID

Card Index: 10
Row: 2
Column: 2
Move was INVALID

Card Index: 10
Row: 2
Column: 3
Move was INVALID

Card Index: 10
Row: 2
Column: 4
Move was INVALID

Card Index: 11
Row: 0
Column: 0
Move was INVALID

Card Index: 11
Row: 0
Column: 1
Move was INVALID

Card Index: 11
Row: 0
Column: 2
Move was INVALID

Card Index: 11
Row: 0
Column: 3
Move was INVALID

Card Index: 11
Row: 0
Column: 4
Move was INVALID

Card Index: 11
Row: 1
Column: 0
Move was INVALID

Card Index: 11
Row: 1
Column: 1
Move was INVALID

Card Index: 11
Row: 1
Column: 2
Move was INVALID

Card Index: 11
Row: 1
Column: 3
Move was INVALID

Card Index: 11
Row: 1
Column: 4
Move was INVALID

Card Index: 11
Row: 2
Column: 0
Move was INVALID

Card Index: 11
Row: 2
Column: 1
Move was INVALID

Card Index: 11
Row: 2
Column: 2
Move was INVALID

Card Index: 11
Row: 2
Column: 3
Move was INVALID

Card Index: 11
Row: 2
Column: 4
Move was INVALID

Card Index: 12
Row: 0
Column: 0
Move was INVALID

Card Index: 12
Row: 0
Column: 1
Move was INVALID

Card Index: 12
Row: 0
Column: 2
Move was INVALID

Card Index: 12
Row: 0
Column: 3
Move was INVALID

Card Index: 12
Row: 0
Column: 4
Move was INVALID

Card Index: 12
Row: 1
Column: 0
Move was INVALID

Card Index: 12
Row: 1
Column: 1
Move was INVALID

Card Index: 12
Row: 1
Column: 2
Move was INVALID

Card Index: 12
Row: 1
Column: 3
Move was INVALID

Card Index: 12
Row: 1
Column: 4
Move was INVALID

Card Index: 12
Row: 2
Column: 0
Move was INVALID

Card Index: 12
Row: 2
Column: 1
Move was INVALID

Card Index: 12
Row: 2
Column: 2
Move was INVALID

Card Index: 12
Row: 2
Column: 3
Move was INVALID

Card Index: 12
Row: 2
Column: 4
Move was INVALID

Card Index: 13
Row: 0
Column: 0
Move was INVALID

Card Index: 13
Row: 0
Column: 1
Move was INVALID

Card Index: 13
Row: 0
Column: 2
Move was INVALID

Card Index: 13
Row: 0
Column: 3
Move was INVALID

Card Index: 13
Row: 0
Column: 4
Move was INVALID

Card Index: 13
Row: 1
Column: 0
Move was INVALID

Card Index: 13
Row: 1
Column: 1
Move was INVALID

Card Index: 13
Row: 1
Column: 2
Move was INVALID

Card Index: 13
Row: 1
Column: 3
Move was INVALID

Card Index: 13
Row: 1
Column: 4
Move was INVALID

Card Index: 13
Row: 2
Column: 0
Move was INVALID

Card Index: 13
Row: 2
Column: 1
Move was INVALID

Card Index: 13
Row: 2
Column: 2
Move was INVALID

Card Index: 13
Row: 2
Column: 3
Move was INVALID

Card Index: 13
Row: 2
Column: 4
Move was INVALID

Card Index: 14
Row: 0
Column: 0
Move was INVALID

Card Index: 14
Row: 0
Column: 1
Move was INVALID

Card Index: 14
Row: 0
Column: 2
Move was INVALID

Card Index: 14
Row: 0
Column: 3
Move was INVALID

Card Index: 14
Row: 0
Column: 4
Move was INVALID

Card Index: 14
Row: 1
Column: 0
Move was INVALID

Card Index: 14
Row: 1
Column: 1
Move was INVALID

Card Index: 14
Row: 1
Column: 2
Move was INVALID

Card Index: 14
Row: 1
Column: 3
Move was INVALID

Card Index: 14
Row: 1
Column: 4
Move was INVALID

Card Index: 14
Row: 2
Column: 0
Move was INVALID

Card Index: 14
Row: 2
Column: 1
Move was INVALID

Card Index: 14
Row: 2
Column: 2
Move was INVALID

Card Index: 14
Row: 2
Column: 3
Move was INVALID

Card Index: 14
Row: 2
Column: 4
Move was VALID

]]></system-out>
  <system-err><![CDATA[]]></system-err>
</testsuite>
